This is pdfTeX, Version 3.141592653-2.6-1.40.23 (TeX Live 2022/dev) (preloaded format=pdflatex 2022.3.25)  29 MAR 2022 17:11
entering extended mode
 restricted \write18 enabled.
 %&-line parsing enabled.
**MV-Analysis-on-Life-Expectancy-Data.tex
(./MV-Analysis-on-Life-Expectancy-Data.tex
LaTeX2e <2021-11-15> patch level 1
L3 programming layer <2022-02-24> (/Users/yehiaabdelmohsen/Library/TinyTeX/texmf-dist/tex/latex/base/article.cls
Document Class: article 2021/10/04 v1.4n Standard LaTeX document class
(/Users/yehiaabdelmohsen/Library/TinyTeX/texmf-dist/tex/latex/base/size10.clo
File: size10.clo 2021/10/04 v1.4n Standard LaTeX file (size option)
)
\c@part=\count185
\c@section=\count186
\c@subsection=\count187
\c@subsubsection=\count188
\c@paragraph=\count189
\c@subparagraph=\count190
\c@figure=\count191
\c@table=\count192
\abovecaptionskip=\skip47
\belowcaptionskip=\skip48
\bibindent=\dimen138
) (/Users/yehiaabdelmohsen/Library/TinyTeX/texmf-dist/tex/latex/amsmath/amsmath.sty
Package: amsmath 2021/10/15 v2.17l AMS math features
\@mathmargin=\skip49
For additional information on amsmath, use the `?' option.
(/Users/yehiaabdelmohsen/Library/TinyTeX/texmf-dist/tex/latex/amsmath/amstext.sty
Package: amstext 2021/08/26 v2.01 AMS text
(/Users/yehiaabdelmohsen/Library/TinyTeX/texmf-dist/tex/latex/amsmath/amsgen.sty
File: amsgen.sty 1999/11/30 v2.0 generic functions
\@emptytoks=\toks16
\ex@=\dimen139
)) (/Users/yehiaabdelmohsen/Library/TinyTeX/texmf-dist/tex/latex/amsmath/amsbsy.sty
Package: amsbsy 1999/11/29 v1.2d Bold Symbols
\pmbraise@=\dimen140
) (/Users/yehiaabdelmohsen/Library/TinyTeX/texmf-dist/tex/latex/amsmath/amsopn.sty
Package: amsopn 2021/08/26 v2.02 operator names
)
\inf@bad=\count193
LaTeX Info: Redefining \frac on input line 234.
\uproot@=\count194
\leftroot@=\count195
LaTeX Info: Redefining \overline on input line 399.
\classnum@=\count196
\DOTSCASE@=\count197
LaTeX Info: Redefining \ldots on input line 496.
LaTeX Info: Redefining \dots on input line 499.
LaTeX Info: Redefining \cdots on input line 620.
\Mathstrutbox@=\box50
\strutbox@=\box51
\big@size=\dimen141
LaTeX Font Info:    Redeclaring font encoding OML on input line 743.
LaTeX Font Info:    Redeclaring font encoding OMS on input line 744.
\macc@depth=\count198
\c@MaxMatrixCols=\count199
\dotsspace@=\muskip16
\c@parentequation=\count266
\dspbrk@lvl=\count267
\tag@help=\toks17
\row@=\count268
\column@=\count269
\maxfields@=\count270
\andhelp@=\toks18
\eqnshift@=\dimen142
\alignsep@=\dimen143
\tagshift@=\dimen144
\tagwidth@=\dimen145
\totwidth@=\dimen146
\lineht@=\dimen147
\@envbody=\toks19
\multlinegap=\skip50
\multlinetaggap=\skip51
\mathdisplay@stack=\toks20
LaTeX Info: Redefining \[ on input line 2938.
LaTeX Info: Redefining \] on input line 2939.
) (/Users/yehiaabdelmohsen/Library/TinyTeX/texmf-dist/tex/latex/amsfonts/amssymb.sty
Package: amssymb 2013/01/14 v3.01 AMS font symbols
(/Users/yehiaabdelmohsen/Library/TinyTeX/texmf-dist/tex/latex/amsfonts/amsfonts.sty
Package: amsfonts 2013/01/14 v3.01 Basic AMSFonts support
\symAMSa=\mathgroup4
\symAMSb=\mathgroup5
LaTeX Font Info:    Redeclaring math symbol \hbar on input line 98.
LaTeX Font Info:    Overwriting math alphabet `\mathfrak' in version `bold'
(Font)                  U/euf/m/n --> U/euf/b/n on input line 106.
)) (/Users/yehiaabdelmohsen/Library/TinyTeX/texmf-dist/tex/latex/lm/lmodern.sty
Package: lmodern 2015/05/01 v1.6.1 Latin Modern Fonts
LaTeX Font Info:    Overwriting symbol font `operators' in version `normal'
(Font)                  OT1/cmr/m/n --> OT1/lmr/m/n on input line 22.
LaTeX Font Info:    Overwriting symbol font `letters' in version `normal'
(Font)                  OML/cmm/m/it --> OML/lmm/m/it on input line 23.
LaTeX Font Info:    Overwriting symbol font `symbols' in version `normal'
(Font)                  OMS/cmsy/m/n --> OMS/lmsy/m/n on input line 24.
LaTeX Font Info:    Overwriting symbol font `largesymbols' in version `normal'
(Font)                  OMX/cmex/m/n --> OMX/lmex/m/n on input line 25.
LaTeX Font Info:    Overwriting symbol font `operators' in version `bold'
(Font)                  OT1/cmr/bx/n --> OT1/lmr/bx/n on input line 26.
LaTeX Font Info:    Overwriting symbol font `letters' in version `bold'
(Font)                  OML/cmm/b/it --> OML/lmm/b/it on input line 27.
LaTeX Font Info:    Overwriting symbol font `symbols' in version `bold'
(Font)                  OMS/cmsy/b/n --> OMS/lmsy/b/n on input line 28.
LaTeX Font Info:    Overwriting symbol font `largesymbols' in version `bold'
(Font)                  OMX/cmex/m/n --> OMX/lmex/m/n on input line 29.
LaTeX Font Info:    Overwriting math alphabet `\mathbf' in version `normal'
(Font)                  OT1/cmr/bx/n --> OT1/lmr/bx/n on input line 31.
LaTeX Font Info:    Overwriting math alphabet `\mathsf' in version `normal'
(Font)                  OT1/cmss/m/n --> OT1/lmss/m/n on input line 32.
LaTeX Font Info:    Overwriting math alphabet `\mathit' in version `normal'
(Font)                  OT1/cmr/m/it --> OT1/lmr/m/it on input line 33.
LaTeX Font Info:    Overwriting math alphabet `\mathtt' in version `normal'
(Font)                  OT1/cmtt/m/n --> OT1/lmtt/m/n on input line 34.
LaTeX Font Info:    Overwriting math alphabet `\mathbf' in version `bold'
(Font)                  OT1/cmr/bx/n --> OT1/lmr/bx/n on input line 35.
LaTeX Font Info:    Overwriting math alphabet `\mathsf' in version `bold'
(Font)                  OT1/cmss/bx/n --> OT1/lmss/bx/n on input line 36.
LaTeX Font Info:    Overwriting math alphabet `\mathit' in version `bold'
(Font)                  OT1/cmr/bx/it --> OT1/lmr/bx/it on input line 37.
LaTeX Font Info:    Overwriting math alphabet `\mathtt' in version `bold'
(Font)                  OT1/cmtt/m/n --> OT1/lmtt/m/n on input line 38.
) (/Users/yehiaabdelmohsen/Library/TinyTeX/texmf-dist/tex/generic/iftex/iftex.sty
Package: iftex 2022/02/03 v1.0f TeX engine tests
) (/Users/yehiaabdelmohsen/Library/TinyTeX/texmf-dist/tex/latex/base/fontenc.sty
Package: fontenc 2021/04/29 v2.0v Standard LaTeX package
LaTeX Font Info:    Trying to load font information for T1+lmr on input line 112.
(/Users/yehiaabdelmohsen/Library/TinyTeX/texmf-dist/tex/latex/lm/t1lmr.fd
File: t1lmr.fd 2015/05/01 v1.6.1 Font defs for Latin Modern
)) (/Users/yehiaabdelmohsen/Library/TinyTeX/texmf-dist/tex/latex/base/inputenc.sty
Package: inputenc 2021/02/14 v1.3d Input encoding file
\inpenc@prehook=\toks21
\inpenc@posthook=\toks22
) (/Users/yehiaabdelmohsen/Library/TinyTeX/texmf-dist/tex/latex/base/textcomp.sty
Package: textcomp 2020/02/02 v2.0n Standard LaTeX package
) (/Users/yehiaabdelmohsen/Library/TinyTeX/texmf-dist/tex/latex/xcolor/xcolor.sty
Package: xcolor 2021/10/31 v2.13 LaTeX color extensions (UK)
(/Users/yehiaabdelmohsen/Library/TinyTeX/texmf-dist/tex/latex/graphics-cfg/color.cfg
File: color.cfg 2016/01/02 v1.6 sample color configuration
)
Package xcolor Info: Driver file: pdftex.def on input line 227.
(/Users/yehiaabdelmohsen/Library/TinyTeX/texmf-dist/tex/latex/graphics-def/pdftex.def
File: pdftex.def 2020/10/05 v1.2a Graphics/color driver for pdftex
)
Package xcolor Info: Model `cmy' substituted by `cmy0' on input line 1352.
Package xcolor Info: Model `hsb' substituted by `rgb' on input line 1356.
Package xcolor Info: Model `RGB' extended on input line 1368.
Package xcolor Info: Model `HTML' substituted by `rgb' on input line 1370.
Package xcolor Info: Model `Hsb' substituted by `hsb' on input line 1371.
Package xcolor Info: Model `tHsb' substituted by `hsb' on input line 1372.
Package xcolor Info: Model `HSB' substituted by `hsb' on input line 1373.
Package xcolor Info: Model `Gray' substituted by `gray' on input line 1374.
Package xcolor Info: Model `wave' substituted by `hsb' on input line 1375.
) (/Users/yehiaabdelmohsen/Library/TinyTeX/texmf-dist/tex/latex/hyperref/hyperref.sty
Package: hyperref 2022-02-21 v7.00n Hypertext links for LaTeX
(/Users/yehiaabdelmohsen/Library/TinyTeX/texmf-dist/tex/generic/ltxcmds/ltxcmds.sty
Package: ltxcmds 2020-05-10 v1.25 LaTeX kernel commands for general use (HO)
) (/Users/yehiaabdelmohsen/Library/TinyTeX/texmf-dist/tex/generic/pdftexcmds/pdftexcmds.sty
Package: pdftexcmds 2020-06-27 v0.33 Utility functions of pdfTeX for LuaTeX (HO)
(/Users/yehiaabdelmohsen/Library/TinyTeX/texmf-dist/tex/generic/infwarerr/infwarerr.sty
Package: infwarerr 2019/12/03 v1.5 Providing info/warning/error messages (HO)
)
Package pdftexcmds Info: \pdf@primitive is available.
Package pdftexcmds Info: \pdf@ifprimitive is available.
Package pdftexcmds Info: \pdfdraftmode found.
) (/Users/yehiaabdelmohsen/Library/TinyTeX/texmf-dist/tex/latex/graphics/keyval.sty
Package: keyval 2014/10/28 v1.15 key=value parser (DPC)
\KV@toks@=\toks23
) (/Users/yehiaabdelmohsen/Library/TinyTeX/texmf-dist/tex/generic/kvsetkeys/kvsetkeys.sty
Package: kvsetkeys 2019/12/15 v1.18 Key value parser (HO)
) (/Users/yehiaabdelmohsen/Library/TinyTeX/texmf-dist/tex/generic/kvdefinekeys/kvdefinekeys.sty
Package: kvdefinekeys 2019-12-19 v1.6 Define keys (HO)
) (/Users/yehiaabdelmohsen/Library/TinyTeX/texmf-dist/tex/generic/pdfescape/pdfescape.sty
Package: pdfescape 2019/12/09 v1.15 Implements pdfTeX's escape features (HO)
) (/Users/yehiaabdelmohsen/Library/TinyTeX/texmf-dist/tex/latex/hycolor/hycolor.sty
Package: hycolor 2020-01-27 v1.10 Color options for hyperref/bookmark (HO)
) (/Users/yehiaabdelmohsen/Library/TinyTeX/texmf-dist/tex/latex/letltxmacro/letltxmacro.sty
Package: letltxmacro 2019/12/03 v1.6 Let assignment for LaTeX macros (HO)
) (/Users/yehiaabdelmohsen/Library/TinyTeX/texmf-dist/tex/latex/auxhook/auxhook.sty
Package: auxhook 2019-12-17 v1.6 Hooks for auxiliary files (HO)
) (/Users/yehiaabdelmohsen/Library/TinyTeX/texmf-dist/tex/latex/kvoptions/kvoptions.sty
Package: kvoptions 2020-10-07 v3.14 Key value format for package options (HO)
)
\@linkdim=\dimen148
\Hy@linkcounter=\count271
\Hy@pagecounter=\count272
(/Users/yehiaabdelmohsen/Library/TinyTeX/texmf-dist/tex/latex/hyperref/pd1enc.def
File: pd1enc.def 2022-02-21 v7.00n Hyperref: PDFDocEncoding definition (HO)
Now handling font encoding PD1 ...
... no UTF-8 mapping file for font encoding PD1
) (/Users/yehiaabdelmohsen/Library/TinyTeX/texmf-dist/tex/generic/intcalc/intcalc.sty
Package: intcalc 2019/12/15 v1.3 Expandable calculations with integers (HO)
) (/Users/yehiaabdelmohsen/Library/TinyTeX/texmf-dist/tex/generic/etexcmds/etexcmds.sty
Package: etexcmds 2019/12/15 v1.7 Avoid name clashes with e-TeX commands (HO)
)
\Hy@SavedSpaceFactor=\count273
(/Users/yehiaabdelmohsen/Library/TinyTeX/texmf-dist/tex/latex/hyperref/puenc.def
File: puenc.def 2022-02-21 v7.00n Hyperref: PDF Unicode definition (HO)
Now handling font encoding PU ...
... no UTF-8 mapping file for font encoding PU
)
Package hyperref Info: Option `unicode' set `true' on input line 4018.
Package hyperref Info: Hyper figures OFF on input line 4137.
Package hyperref Info: Link nesting OFF on input line 4142.
Package hyperref Info: Hyper index ON on input line 4145.
Package hyperref Info: Plain pages OFF on input line 4152.
Package hyperref Info: Backreferencing OFF on input line 4157.
Package hyperref Info: Implicit mode ON; LaTeX internals redefined.
Package hyperref Info: Bookmarks ON on input line 4390.
\c@Hy@tempcnt=\count274
(/Users/yehiaabdelmohsen/Library/TinyTeX/texmf-dist/tex/latex/url/url.sty
\Urlmuskip=\muskip17
Package: url 2013/09/16  ver 3.4  Verb mode for urls, etc.
)
LaTeX Info: Redefining \url on input line 4749.
\XeTeXLinkMargin=\dimen149
(/Users/yehiaabdelmohsen/Library/TinyTeX/texmf-dist/tex/generic/bitset/bitset.sty
Package: bitset 2019/12/09 v1.3 Handle bit-vector datatype (HO)
(/Users/yehiaabdelmohsen/Library/TinyTeX/texmf-dist/tex/generic/bigintcalc/bigintcalc.sty
Package: bigintcalc 2019/12/15 v1.5 Expandable calculations on big integers (HO)
))
\Fld@menulength=\count275
\Field@Width=\dimen150
\Fld@charsize=\dimen151
Package hyperref Info: Hyper figures OFF on input line 6027.
Package hyperref Info: Link nesting OFF on input line 6032.
Package hyperref Info: Hyper index ON on input line 6035.
Package hyperref Info: backreferencing OFF on input line 6042.
Package hyperref Info: Link coloring OFF on input line 6047.
Package hyperref Info: Link coloring with OCG OFF on input line 6052.
Package hyperref Info: PDF/A mode OFF on input line 6057.
LaTeX Info: Redefining \ref on input line 6097.
LaTeX Info: Redefining \pageref on input line 6101.
(/Users/yehiaabdelmohsen/Library/TinyTeX/texmf-dist/tex/latex/base/atbegshi-ltx.sty
Package: atbegshi-ltx 2021/01/10 v1.0c Emulation of the original atbegshi
package with kernel methods
)
\Hy@abspage=\count276
\c@Item=\count277
\c@Hfootnote=\count278
)
Package hyperref Info: Driver (autodetected): hpdftex.
(/Users/yehiaabdelmohsen/Library/TinyTeX/texmf-dist/tex/latex/hyperref/hpdftex.def
File: hpdftex.def 2022-02-21 v7.00n Hyperref driver for pdfTeX
(/Users/yehiaabdelmohsen/Library/TinyTeX/texmf-dist/tex/latex/base/atveryend-ltx.sty
Package: atveryend-ltx 2020/08/19 v1.0a Emulation of the original atveryend package
with kernel methods
)
\Fld@listcount=\count279
\c@bookmark@seq@number=\count280
(/Users/yehiaabdelmohsen/Library/TinyTeX/texmf-dist/tex/latex/rerunfilecheck/rerunfilecheck.sty
Package: rerunfilecheck 2019/12/05 v1.9 Rerun checks for auxiliary files (HO)
(/Users/yehiaabdelmohsen/Library/TinyTeX/texmf-dist/tex/generic/uniquecounter/uniquecounter.sty
Package: uniquecounter 2019/12/15 v1.4 Provide unlimited unique counter (HO)
)
Package uniquecounter Info: New unique counter `rerunfilecheck' on input line 286.
)
\Hy@SectionHShift=\skip52
) (/Users/yehiaabdelmohsen/Library/TinyTeX/texmf-dist/tex/latex/geometry/geometry.sty
Package: geometry 2020/01/02 v5.9 Page Geometry
(/Users/yehiaabdelmohsen/Library/TinyTeX/texmf-dist/tex/generic/iftex/ifvtex.sty
Package: ifvtex 2019/10/25 v1.7 ifvtex legacy package. Use iftex instead.
)
\Gm@cnth=\count281
\Gm@cntv=\count282
\c@Gm@tempcnt=\count283
\Gm@bindingoffset=\dimen152
\Gm@wd@mp=\dimen153
\Gm@odd@mp=\dimen154
\Gm@even@mp=\dimen155
\Gm@layoutwidth=\dimen156
\Gm@layoutheight=\dimen157
\Gm@layouthoffset=\dimen158
\Gm@layoutvoffset=\dimen159
\Gm@dimlist=\toks24
) (/Users/yehiaabdelmohsen/Library/TinyTeX/texmf-dist/tex/latex/fancyvrb/fancyvrb.sty
Package: fancyvrb 2021/12/21 4.1b verbatim text (tvz,hv)
\FV@CodeLineNo=\count284
\FV@InFile=\read2
\FV@TabBox=\box52
\c@FancyVerbLine=\count285
\FV@StepNumber=\count286
\FV@OutFile=\write3
) (/Users/yehiaabdelmohsen/Library/TinyTeX/texmf-dist/tex/latex/framed/framed.sty
Package: framed 2011/10/22 v 0.96: framed or shaded text with page breaks
\OuterFrameSep=\skip53
\fb@frw=\dimen160
\fb@frh=\dimen161
\FrameRule=\dimen162
\FrameSep=\dimen163
) (/Users/yehiaabdelmohsen/Library/TinyTeX/texmf-dist/tex/latex/tools/longtable.sty
Package: longtable 2021-09-01 v4.17 Multi-page Table package (DPC)
\LTleft=\skip54
\LTright=\skip55
\LTpre=\skip56
\LTpost=\skip57
\LTchunksize=\count287
\LTcapwidth=\dimen164
\LT@head=\box53
\LT@firsthead=\box54
\LT@foot=\box55
\LT@lastfoot=\box56
\LT@gbox=\box57
\LT@cols=\count288
\LT@rows=\count289
\c@LT@tables=\count290
\c@LT@chunks=\count291
\LT@p@ftn=\toks25
) (/Users/yehiaabdelmohsen/Library/TinyTeX/texmf-dist/tex/latex/booktabs/booktabs.sty
Package: booktabs 2020/01/12 v1.61803398 Publication quality tables
\heavyrulewidth=\dimen165
\lightrulewidth=\dimen166
\cmidrulewidth=\dimen167
\belowrulesep=\dimen168
\belowbottomsep=\dimen169
\aboverulesep=\dimen170
\abovetopsep=\dimen171
\cmidrulesep=\dimen172
\cmidrulekern=\dimen173
\defaultaddspace=\dimen174
\@cmidla=\count292
\@cmidlb=\count293
\@aboverulesep=\dimen175
\@belowrulesep=\dimen176
\@thisruleclass=\count294
\@lastruleclass=\count295
\@thisrulewidth=\dimen177
) (/Users/yehiaabdelmohsen/Library/TinyTeX/texmf-dist/tex/latex/tools/array.sty
Package: array 2021/10/04 v2.5f Tabular extension package (FMi)
\col@sep=\dimen178
\ar@mcellbox=\box58
\extrarowheight=\dimen179
\NC@list=\toks26
\extratabsurround=\skip58
\backup@length=\skip59
\ar@cellbox=\box59
) (/Users/yehiaabdelmohsen/Library/TinyTeX/texmf-dist/tex/latex/tools/calc.sty
Package: calc 2017/05/25 v4.3 Infix arithmetic (KKT,FJ)
\calc@Acount=\count296
\calc@Bcount=\count297
\calc@Adimen=\dimen180
\calc@Bdimen=\dimen181
\calc@Askip=\skip60
\calc@Bskip=\skip61
LaTeX Info: Redefining \setlength on input line 80.
LaTeX Info: Redefining \addtolength on input line 81.
\calc@Ccount=\count298
\calc@Cskip=\skip62
) (/Users/yehiaabdelmohsen/Library/TinyTeX/texmf-dist/tex/latex/etoolbox/etoolbox.sty
Package: etoolbox 2020/10/05 v2.5k e-TeX tools for LaTeX (JAW)
\etb@tempcnta=\count299
) (/Users/yehiaabdelmohsen/Library/TinyTeX/texmf-dist/tex/latex/mdwtools/footnote.sty
Package: footnote 1997/01/28 1.13 Save footnotes around boxes
\fn@notes=\box60
\fn@width=\dimen182
) (/Users/yehiaabdelmohsen/Library/TinyTeX/texmf-dist/tex/latex/graphics/graphicx.sty
Package: graphicx 2021/09/16 v1.2d Enhanced LaTeX Graphics (DPC,SPQR)
(/Users/yehiaabdelmohsen/Library/TinyTeX/texmf-dist/tex/latex/graphics/graphics.sty
Package: graphics 2021/03/04 v1.4d Standard LaTeX Graphics (DPC,SPQR)
(/Users/yehiaabdelmohsen/Library/TinyTeX/texmf-dist/tex/latex/graphics/trig.sty
Package: trig 2021/08/11 v1.11 sin cos tan (DPC)
) (/Users/yehiaabdelmohsen/Library/TinyTeX/texmf-dist/tex/latex/graphics-cfg/graphics.cfg
File: graphics.cfg 2016/06/04 v1.11 sample graphics configuration
)
Package graphics Info: Driver file: pdftex.def on input line 107.
)
\Gin@req@height=\dimen183
\Gin@req@width=\dimen184
)
\cslhangindent=\skip63
\csllabelwidth=\skip64
\cslentryspacingunit=\skip65
(/Users/yehiaabdelmohsen/Library/TinyTeX/texmf-dist/tex/latex/pdflscape/pdflscape.sty
Package: pdflscape 2019/12/05 v0.12 Display of landscape pages in PDF (HO)
(/Users/yehiaabdelmohsen/Library/TinyTeX/texmf-dist/tex/latex/graphics/lscape.sty
Package: lscape 2020/05/28 v3.02 Landscape Pages (DPC)
)
Package pdflscape Info: Auto-detected driver: pdftex on input line 81.
) (/Users/yehiaabdelmohsen/Library/TinyTeX/texmf-dist/tex/latex/multirow/multirow.sty
Package: multirow 2021/03/15 v2.8 Span multiple rows of a table
\multirow@colwidth=\skip66
\multirow@cntb=\count300
\multirow@dima=\skip67
\bigstrutjot=\dimen185
) (/Users/yehiaabdelmohsen/Library/TinyTeX/texmf-dist/tex/latex/wrapfig/wrapfig.sty
\wrapoverhang=\dimen186
\WF@size=\dimen187
\c@WF@wrappedlines=\count301
\WF@box=\box61
\WF@everypar=\toks27
Package: wrapfig 2003/01/31  v 3.6
) (/Users/yehiaabdelmohsen/Library/TinyTeX/texmf-dist/tex/latex/float/float.sty
Package: float 2001/11/08 v1.3d Float enhancements (AL)
\c@float@type=\count302
\float@exts=\toks28
\float@box=\box62
\@float@everytoks=\toks29
\@floatcapt=\box63
) (/Users/yehiaabdelmohsen/Library/TinyTeX/texmf-dist/tex/latex/colortbl/colortbl.sty
Package: colortbl 2020/01/04 v1.0e Color table columns (DPC)
\everycr=\toks30
\minrowclearance=\skip68
) (/Users/yehiaabdelmohsen/Library/TinyTeX/texmf-dist/tex/latex/tabu/tabu.sty
Package: tabu 2019/01/11 v2.9 - flexible LaTeX tabulars (FC+tabu-fixed)
(/Users/yehiaabdelmohsen/Library/TinyTeX/texmf-dist/tex/latex/varwidth/varwidth.sty
Package: varwidth 2009/03/30 ver 0.92;  Variable-width minipages
\@vwid@box=\box64
\sift@deathcycles=\count303
\@vwid@loff=\dimen188
\@vwid@roff=\dimen189
)
\c@taburow=\count304
\tabu@nbcols=\count305
\tabu@cnt=\count306
\tabu@Xcol=\count307
\tabu@alloc=\count308
\tabu@nested=\count309
\tabu@target=\dimen190
\tabu@spreadtarget=\dimen191
\tabu@naturalX=\dimen192
\tabucolX=\dimen193
\tabu@Xsum=\dimen194
\extrarowdepth=\dimen195
\abovetabulinesep=\dimen196
\belowtabulinesep=\dimen197
\tabustrutrule=\dimen198
\tabu@thebody=\toks31
\tabu@footnotes=\toks32
\tabu@box=\box65
\tabu@arstrutbox=\box66
\tabu@hleads=\box67
\tabu@vleads=\box68
\tabu@cellskip=\skip69
) (/Users/yehiaabdelmohsen/Library/TinyTeX/texmf-dist/tex/latex/threeparttable/threeparttable.sty
Package: threeparttable 2003/06/13  v 3.0
\@tempboxb=\box69
) (/Users/yehiaabdelmohsen/Library/TinyTeX/texmf-dist/tex/latex/threeparttablex/threeparttablex.sty
Package: threeparttablex 2013/07/23 v0.3 by daleif
(/Users/yehiaabdelmohsen/Library/TinyTeX/texmf-dist/tex/latex/environ/environ.sty
Package: environ 2014/05/04 v0.3 A new way to define environments
(/Users/yehiaabdelmohsen/Library/TinyTeX/texmf-dist/tex/latex/trimspaces/trimspaces.sty
Package: trimspaces 2009/09/17 v1.1 Trim spaces around a token list
))
\TPTL@width=\skip70
) (/Users/yehiaabdelmohsen/Library/TinyTeX/texmf-dist/tex/generic/ulem/ulem.sty
\UL@box=\box70
\UL@hyphenbox=\box71
\UL@skip=\skip71
\UL@hook=\toks33
\UL@height=\dimen199
\UL@pe=\count310
\UL@pixel=\dimen256
\ULC@box=\box72
Package: ulem 2019/11/18
\ULdepth=\dimen257
) (/Users/yehiaabdelmohsen/Library/TinyTeX/texmf-dist/tex/latex/makecell/makecell.sty
Package: makecell 2009/08/03 V0.1e Managing of Tab Column Heads and Cells
\rotheadsize=\dimen258
\c@nlinenum=\count311
\TeXr@lab=\toks34
) (/Users/yehiaabdelmohsen/Library/TinyTeX/texmf-dist/tex/latex/l3backend/l3backend-pdftex.def
File: l3backend-pdftex.def 2022-02-07 L3 backend support: PDF output (pdfTeX)
\l__color_backend_stack_int=\count312
\l__pdf_internal_box=\box73
) (./MV-Analysis-on-Life-Expectancy-Data.aux

LaTeX Warning: Label `tab:unnamed-chunk-23' multiply defined.

)
\openout1 = `MV-Analysis-on-Life-Expectancy-Data.aux'.

LaTeX Font Info:    Checking defaults for OML/cmm/m/it on input line 160.
LaTeX Font Info:    ... okay on input line 160.
LaTeX Font Info:    Checking defaults for OMS/cmsy/m/n on input line 160.
LaTeX Font Info:    ... okay on input line 160.
LaTeX Font Info:    Checking defaults for OT1/cmr/m/n on input line 160.
LaTeX Font Info:    ... okay on input line 160.
LaTeX Font Info:    Checking defaults for T1/cmr/m/n on input line 160.
LaTeX Font Info:    ... okay on input line 160.
LaTeX Font Info:    Checking defaults for TS1/cmr/m/n on input line 160.
LaTeX Font Info:    ... okay on input line 160.
LaTeX Font Info:    Checking defaults for OMX/cmex/m/n on input line 160.
LaTeX Font Info:    ... okay on input line 160.
LaTeX Font Info:    Checking defaults for U/cmr/m/n on input line 160.
LaTeX Font Info:    ... okay on input line 160.
LaTeX Font Info:    Checking defaults for PD1/pdf/m/n on input line 160.
LaTeX Font Info:    ... okay on input line 160.
LaTeX Font Info:    Checking defaults for PU/pdf/m/n on input line 160.
LaTeX Font Info:    ... okay on input line 160.
(/Users/yehiaabdelmohsen/Library/TinyTeX/texmf-dist/tex/latex/epstopdf-pkg/epstopdf-base.sty
Package: epstopdf-base 2020-01-24 v2.11 Base part for package epstopdf
Package epstopdf-base Info: Redefining graphics rule for `.eps' on input line 485.
(/Users/yehiaabdelmohsen/Library/TinyTeX/texmf-dist/tex/latex/latexconfig/epstopdf-sys.cfg
File: epstopdf-sys.cfg 2010/07/13 v1.3 Configuration of (r)epstopdf for TeX Live
))
Package hyperref Info: Link coloring OFF on input line 160.
(/Users/yehiaabdelmohsen/Library/TinyTeX/texmf-dist/tex/latex/hyperref/nameref.sty
Package: nameref 2021-04-02 v2.47 Cross-referencing by name of section
(/Users/yehiaabdelmohsen/Library/TinyTeX/texmf-dist/tex/latex/refcount/refcount.sty
Package: refcount 2019/12/15 v3.6 Data extraction from label references (HO)
) (/Users/yehiaabdelmohsen/Library/TinyTeX/texmf-dist/tex/generic/gettitlestring/gettitlestring.sty
Package: gettitlestring 2019/12/15 v1.6 Cleanup title references (HO)
)
\c@section@level=\count313
)
LaTeX Info: Redefining \ref on input line 160.
LaTeX Info: Redefining \pageref on input line 160.
LaTeX Info: Redefining \nameref on input line 160.
(./MV-Analysis-on-Life-Expectancy-Data.out) (./MV-Analysis-on-Life-Expectancy-Data.out)
\@outlinefile=\write4
\openout4 = `MV-Analysis-on-Life-Expectancy-Data.out'.

*geometry* driver: auto-detecting
*geometry* detected driver: pdftex
*geometry* verbose mode - [ preamble ] result:
* driver: pdftex
* paper: <default>
* layout: <same size as paper>
* layoutoffset:(h,v)=(0.0pt,0.0pt)
* modes: 
* h-part:(L,W,R)=(72.26999pt, 469.75502pt, 72.26999pt)
* v-part:(T,H,B)=(72.26999pt, 650.43001pt, 72.26999pt)
* \paperwidth=614.295pt
* \paperheight=794.96999pt
* \textwidth=469.75502pt
* \textheight=650.43001pt
* \oddsidemargin=0.0pt
* \evensidemargin=0.0pt
* \topmargin=-37.0pt
* \headheight=12.0pt
* \headsep=25.0pt
* \topskip=10.0pt
* \footskip=30.0pt
* \marginparwidth=65.0pt
* \marginparsep=11.0pt
* \columnsep=10.0pt
* \skip\footins=9.0pt plus 4.0pt minus 2.0pt
* \hoffset=0.0pt
* \voffset=0.0pt
* \mag=1000
* \@twocolumnfalse
* \@twosidefalse
* \@mparswitchfalse
* \@reversemarginfalse
* (1in=72.27pt=25.4mm, 1cm=28.453pt)

LaTeX Font Info:    Trying to load font information for OT1+lmr on input line 162.
(/Users/yehiaabdelmohsen/Library/TinyTeX/texmf-dist/tex/latex/lm/ot1lmr.fd
File: ot1lmr.fd 2015/05/01 v1.6.1 Font defs for Latin Modern
)
LaTeX Font Info:    Trying to load font information for OML+lmm on input line 162.
(/Users/yehiaabdelmohsen/Library/TinyTeX/texmf-dist/tex/latex/lm/omllmm.fd
File: omllmm.fd 2015/05/01 v1.6.1 Font defs for Latin Modern
)
LaTeX Font Info:    Trying to load font information for OMS+lmsy on input line 162.
(/Users/yehiaabdelmohsen/Library/TinyTeX/texmf-dist/tex/latex/lm/omslmsy.fd
File: omslmsy.fd 2015/05/01 v1.6.1 Font defs for Latin Modern
)
LaTeX Font Info:    Trying to load font information for OMX+lmex on input line 162.
(/Users/yehiaabdelmohsen/Library/TinyTeX/texmf-dist/tex/latex/lm/omxlmex.fd
File: omxlmex.fd 2015/05/01 v1.6.1 Font defs for Latin Modern
)
LaTeX Font Info:    External font `lmex10' loaded for size
(Font)              <12> on input line 162.
LaTeX Font Info:    External font `lmex10' loaded for size
(Font)              <8> on input line 162.
LaTeX Font Info:    External font `lmex10' loaded for size
(Font)              <6> on input line 162.
LaTeX Font Info:    Trying to load font information for U+msa on input line 162.
(/Users/yehiaabdelmohsen/Library/TinyTeX/texmf-dist/tex/latex/amsfonts/umsa.fd
File: umsa.fd 2013/01/14 v3.01 AMS symbols A
)
LaTeX Font Info:    Trying to load font information for U+msb on input line 162.
(/Users/yehiaabdelmohsen/Library/TinyTeX/texmf-dist/tex/latex/amsfonts/umsb.fd
File: umsb.fd 2013/01/14 v3.01 AMS symbols B
) [1

{/Users/yehiaabdelmohsen/Library/TinyTeX/texmf-var/fonts/map/pdftex/updmap/pdftex.map}] (./MV-Analysis-on-Life-Expectancy-Data.toc
LaTeX Font Info:    External font `lmex10' loaded for size
(Font)              <10> on input line 3.
LaTeX Font Info:    External font `lmex10' loaded for size
(Font)              <7> on input line 3.
LaTeX Font Info:    External font `lmex10' loaded for size
(Font)              <5> on input line 3.
)
\tf@toc=\write5
\openout5 = `MV-Analysis-on-Life-Expectancy-Data.toc'.

[2]
<lifeexpectancy2019.jpeg, id=109, 1204.5pt x 850.17625pt>
File: lifeexpectancy2019.jpeg Graphic file (type jpg)
<use lifeexpectancy2019.jpeg>
Package pdftex.def Info: lifeexpectancy2019.jpeg  used on input line 182.
(pdftex.def)             Requested size: 263.48373pt x 185.9756pt.

Underfull \hbox (badness 10000) in paragraph at lines 189--193

 []


Underfull \hbox (badness 10000) in paragraph at lines 196--199

 []


Underfull \hbox (badness 10000) in paragraph at lines 202--204

 []

LaTeX Font Info:    Trying to load font information for TS1+lmr on input line 213.
(/Users/yehiaabdelmohsen/Library/TinyTeX/texmf-dist/tex/latex/lm/ts1lmr.fd
File: ts1lmr.fd 2015/05/01 v1.6.1 Font defs for Latin Modern
) [3pdfTeX warning (ext4): destination with the same identifier (name{figure.1}) has been already used, duplicate ignored
<argument> ...shipout:D \box_use:N \l_shipout_box 
                                                  \__shipout_drop_firstpage_...
l.219     \item A
                 lcohol - Alcohol, recorded per capita (15+) consumption (in... <./lifeexpectancy2019.jpeg>]
Overfull \hbox (0.7389pt too wide) in paragraph at lines 256--257
 []\T1/lmr/m/n/10 Year
 []


Overfull \hbox (10.0564pt too wide) in paragraph at lines 260--261
 []\T1/lmr/m/n/10 Life.expectancy
 []


Overfull \hbox (11.33423pt too wide) in paragraph at lines 262--263
 []\T1/lmr/m/n/10 Adult.Mortality
 []


Overfull \hbox (6.57219pt too wide) in paragraph at lines 264--265
 []\T1/lmr/m/n/10 infant.deaths
 []


Overfull \hbox (2.19441pt too wide) in paragraph at lines 266--267
 []\T1/lmr/m/n/10 Alcohol
 []


Overfull \hbox (16.30058pt too wide) in paragraph at lines 268--269
 []\T1/lmr/m/n/10 percentage.expenditure
 []


Overfull \hbox (10.39996pt too wide) in paragraph at lines 272--272
[]|\T1/lmr/m/n/10 Afghanistan|  
 []


Overfull \hbox (0.71107pt too wide) in paragraph at lines 272--272
 []|\T1/lmr/m/n/10 2015|
 []


Overfull \hbox (9.61687pt too wide) in paragraph at lines 272--272
[]|\T1/lmr/m/n/10 Developing|  
 []


Overfull \hbox (10.39996pt too wide) in paragraph at lines 273--273
[]|\T1/lmr/m/n/10 Afghanistan|  
 []


Overfull \hbox (0.71107pt too wide) in paragraph at lines 273--273
 []|\T1/lmr/m/n/10 2014|
 []


Overfull \hbox (9.61687pt too wide) in paragraph at lines 273--273
[]|\T1/lmr/m/n/10 Developing|  
 []


Overfull \hbox (7.1164pt too wide) in paragraph at lines 302--303
 []\T1/lmr/m/n/10 HIV.AIDS
 []


Overfull \hbox (3.86716pt too wide) in alignment at lines 285--305
 [] [] [] [] [] [] [] [] 
 []


Overfull \hbox (3.86716pt too wide) in alignment at lines 305--309
 [] [] [] [] [] [] [] [] 
 []

[4]
Overfull \hbox (13.87312pt too wide) in paragraph at lines 321--322
 []\T1/lmr/m/n/10 HIV.AIDS
 []


Overfull \hbox (7.8608pt too wide) in paragraph at lines 325--326
 []\T1/lmr/m/n/10 Population
 []


Overfull \hbox (8.5092pt too wide) in paragraph at lines 327--328
 []\T1/lmr/m/n/10 thinness..1.19.years
 []


Overfull \hbox (8.68825pt too wide) in paragraph at lines 329--330
 []\T1/lmr/m/n/10 thinness.5.9.years
 []


Overfull \hbox (24.59758pt too wide) in paragraph at lines 331--332
 []\T1/lmr/m/n/10 Income.composition.of.resources
 []


Overfull \hbox (5.87001pt too wide) in paragraph at lines 333--334
 []\T1/lmr/m/n/10 Schooling
 []


Overfull \hbox (5.95663pt too wide) in paragraph at lines 337--337
 []|\T1/lmr/m/n/10 584.2592|
 []


Overfull \hbox (5.95663pt too wide) in paragraph at lines 338--338
 []|\T1/lmr/m/n/10 612.6965|
 []

[5]
Underfull \hbox (badness 10000) in paragraph at lines 395--403

 []

<MV-Analysis-on-Life-Expectancy-Data_files/figure-latex/unnamed-chunk-3-1.pdf, id=137, 419.5675pt x 275.0275pt>
File: MV-Analysis-on-Life-Expectancy-Data_files/figure-latex/unnamed-chunk-3-1.pdf Graphic file (type pdf)
<use MV-Analysis-on-Life-Expectancy-Data_files/figure-latex/unnamed-chunk-3-1.pdf>
Package pdftex.def Info: MV-Analysis-on-Life-Expectancy-Data_files/figure-latex/unnamed-chunk-3-1.pdf  used on input line 406.
(pdftex.def)             Requested size: 328.82983pt x 215.54874pt.
<MV-Analysis-on-Life-Expectancy-Data_files/figure-latex/unnamed-chunk-4-1.pdf, id=138, 405.515pt x 260.975pt>
File: MV-Analysis-on-Life-Expectancy-Data_files/figure-latex/unnamed-chunk-4-1.pdf Graphic file (type pdf)
<use MV-Analysis-on-Life-Expectancy-Data_files/figure-latex/unnamed-chunk-4-1.pdf>
Package pdftex.def Info: MV-Analysis-on-Life-Expectancy-Data_files/figure-latex/unnamed-chunk-4-1.pdf  used on input line 419.
(pdftex.def)             Requested size: 328.8366pt x 211.62752pt.
<MV-Analysis-on-Life-Expectancy-Data_files/figure-latex/unnamed-chunk-5-1.pdf, id=139, 405.515pt x 260.975pt>
File: MV-Analysis-on-Life-Expectancy-Data_files/figure-latex/unnamed-chunk-5-1.pdf Graphic file (type pdf)
<use MV-Analysis-on-Life-Expectancy-Data_files/figure-latex/unnamed-chunk-5-1.pdf>
Package pdftex.def Info: MV-Analysis-on-Life-Expectancy-Data_files/figure-latex/unnamed-chunk-5-1.pdf  used on input line 428.
(pdftex.def)             Requested size: 328.8366pt x 211.62752pt.
[6pdfTeX warning (ext4): destination with the same identifier (name{figure.2}) has been already used, duplicate ignored
<argument> ...shipout:D \box_use:N \l_shipout_box 
                                                  \__shipout_drop_firstpage_...
l.436 
      pdfTeX warning (ext4): destination with the same identifier (name{figure.3}) has been already used, duplicate ignored
<argument> ...shipout:D \box_use:N \l_shipout_box 
                                                  \__shipout_drop_firstpage_...
l.436 
       <./MV-Analysis-on-Life-Expectancy-Data_files/figure-latex/unnamed-chunk-3-1.pdf> <./MV-Analysis-on-Life-Expectancy-Data_files/figure-latex/unnamed-chunk-4-1.pdf>]
Overfull \hbox (1.6101pt too wide) in paragraph at lines 456--457
 []\T1/lmr/m/n/10 LifeExp
 []


Overfull \hbox (10.79494pt too wide) in paragraph at lines 458--459
 []\T1/lmr/m/n/10 AdultMort
 []


Overfull \hbox (6.51678pt too wide) in paragraph at lines 460--461
 []\T1/lmr/m/n/10 InfDeaths
 []


Overfull \hbox (4.41574pt too wide) in paragraph at lines 462--463
 []\T1/lmr/m/n/10 PercExp
 []


Overfull \hbox (1.1661pt too wide) in paragraph at lines 464--465
 []\T1/lmr/m/n/10 Measles
 []


Overfull \hbox (9.5449pt too wide) in paragraph at lines 466--467
 []\T1/lmr/m/n/10 UnderFive
 []


Overfull \hbox (7.04015pt too wide) in paragraph at lines 470--471
 []\T1/lmr/m/n/10 Diphtheria
 []


Overfull \hbox (9.51654pt too wide) in paragraph at lines 472--473
 []\T1/lmr/m/n/10 HIV.AIDS
 []


Overfull \hbox (8.40146pt too wide) in paragraph at lines 474--475
 []\T1/lmr/m/n/10 Developing
 []


Overfull \hbox (1.6101pt too wide) in paragraph at lines 480--481
 []\T1/lmr/m/n/10 LifeExp
 []


Overfull \hbox (10.79494pt too wide) in paragraph at lines 482--483
 []\T1/lmr/m/n/10 AdultMort
 []


Overfull \hbox (6.51678pt too wide) in paragraph at lines 484--485
 []\T1/lmr/m/n/10 InfDeaths
 []


Overfull \hbox (4.41574pt too wide) in paragraph at lines 486--487
 []\T1/lmr/m/n/10 PercExp
 []


Overfull \hbox (1.1661pt too wide) in paragraph at lines 488--489
 []\T1/lmr/m/n/10 Measles
 []


Overfull \hbox (9.5449pt too wide) in paragraph at lines 490--491
 []\T1/lmr/m/n/10 UnderFive
 []


Overfull \hbox (7.04015pt too wide) in paragraph at lines 494--495
 []\T1/lmr/m/n/10 Diphtheria
 []


Overfull \hbox (9.51654pt too wide) in paragraph at lines 496--497
 []\T1/lmr/m/n/10 HIV.AIDS
 []


Overfull \hbox (8.40146pt too wide) in paragraph at lines 498--499
 []\T1/lmr/m/n/10 Developing
 []


Overfull \hbox (5.22113pt too wide) in paragraph at lines 502--502
 []|\T1/lmr/m/n/10 71.53661|
 []


Overfull \hbox (1.60005pt too wide) in paragraph at lines 502--502
 []|\T1/lmr/m/n/10 148.6885|
 []


Overfull \hbox (1.60005pt too wide) in paragraph at lines 502--502
 []|\T1/lmr/m/n/10 24.55738|
 []


Overfull \hbox (5.22113pt too wide) in paragraph at lines 502--502
 []|\T1/lmr/m/n/10 1001.913|
 []


Overfull \hbox (5.22113pt too wide) in paragraph at lines 502--502
 []|\T1/lmr/m/n/10 1831.208|
 []


Overfull \hbox (1.60005pt too wide) in paragraph at lines 502--502
 []|\T1/lmr/m/n/10 32.89071|
 []


Overfull \hbox (5.22113pt too wide) in paragraph at lines 503--503
 []|\T1/lmr/m/n/10 84.72678|
 []


Overfull \hbox (6.60005pt too wide) in paragraph at lines 503--503
 []|\T1/lmr/m/n/10 0.6819672|
 []


Overfull \hbox (2.9845pt too wide) in paragraph at lines 503--504
 []|\T1/lmr/m/n/10 0.8251366|
 []

<MV-Analysis-on-Life-Expectancy-Data_files/figure-latex/unnamed-chunk-7-1.pdf, id=162, 436.63126pt x 248.93pt>
File: MV-Analysis-on-Life-Expectancy-Data_files/figure-latex/unnamed-chunk-7-1.pdf Graphic file (type pdf)
<use MV-Analysis-on-Life-Expectancy-Data_files/figure-latex/unnamed-chunk-7-1.pdf>
Package pdftex.def Info: MV-Analysis-on-Life-Expectancy-Data_files/figure-latex/unnamed-chunk-7-1.pdf  used on input line 520.
(pdftex.def)             Requested size: 328.8251pt x 187.4681pt.

Overfull \vbox (25.98476pt too high) has occurred while \output is active []

[7pdfTeX warning (ext4): destination with the same identifier (name{figure.4}) has been already used, duplicate ignored
<argument> ...shipout:D \box_use:N \l_shipout_box 
                                                  \__shipout_drop_firstpage_...
l.527 
      pdfTeX warning (ext4): destination with the same identifier (name{figure.5}) has been already used, duplicate ignored
<argument> ...shipout:D \box_use:N \l_shipout_box 
                                                  \__shipout_drop_firstpage_...
l.527 
       <./MV-Analysis-on-Life-Expectancy-Data_files/figure-latex/unnamed-chunk-5-1.pdf> <./MV-Analysis-on-Life-Expectancy-Data_files/figure-latex/unnamed-chunk-7-1.pdf>]
Underfull \hbox (badness 10000) in paragraph at lines 536--542

 []


Underfull \hbox (badness 10000) in paragraph at lines 536--542

 []

<MV-Analysis-on-Life-Expectancy-Data_files/figure-latex/unnamed-chunk-8-1.pdf, id=185, 436.63126pt x 252.945pt>
File: MV-Analysis-on-Life-Expectancy-Data_files/figure-latex/unnamed-chunk-8-1.pdf Graphic file (type pdf)
<use MV-Analysis-on-Life-Expectancy-Data_files/figure-latex/unnamed-chunk-8-1.pdf>
Package pdftex.def Info: MV-Analysis-on-Life-Expectancy-Data_files/figure-latex/unnamed-chunk-8-1.pdf  used on input line 545.
(pdftex.def)             Requested size: 328.8251pt x 190.49178pt.
[8pdfTeX warning (ext4): destination with the same identifier (name{figure.6}) has been already used, duplicate ignored
<argument> ...shipout:D \box_use:N \l_shipout_box 
                                                  \__shipout_drop_firstpage_...
l.558 
       <./MV-Analysis-on-Life-Expectancy-Data_files/figure-latex/unnamed-chunk-8-1.pdf>]
Overfull \hbox (3.46173pt too wide) in paragraph at lines 585--585
 []\T1/lmr/m/n/10 LifeExp|
 []


Overfull \hbox (16.26764pt too wide) in paragraph at lines 585--585
 []\T1/lmr/m/n/10 AdultMort|
 []


Overfull \hbox (11.98949pt too wide) in paragraph at lines 585--585
 []\T1/lmr/m/n/10 InfDeaths|
 []


Overfull \hbox (6.26736pt too wide) in paragraph at lines 585--585
 []\T1/lmr/m/n/10 PercExp|
 []


Overfull \hbox (3.01773pt too wide) in paragraph at lines 585--585
 []\T1/lmr/m/n/10 Measles|
 []


Overfull \hbox (15.01761pt too wide) in paragraph at lines 585--585
 []\T1/lmr/m/n/10 UnderFive|
 []


Overfull \hbox (16.1284pt too wide) in paragraph at lines 585--585
 []\T1/lmr/m/n/10 Diphtheria|
 []


Overfull \hbox (14.98924pt too wide) in paragraph at lines 585--585
 []\T1/lmr/m/n/10 HIV.AIDS|
 []


Overfull \hbox (17.48972pt too wide) in paragraph at lines 585--585
 []\T1/lmr/m/n/10 Developing|
 []


Overfull \hbox (3.46173pt too wide) in paragraph at lines 585--585
[]\T1/lmr/m/n/10 LifeExp|  
 []


Overfull \hbox (16.26764pt too wide) in paragraph at lines 585--585
[]\T1/lmr/m/n/10 AdultMort|  
 []


Overfull \hbox (11.98949pt too wide) in paragraph at lines 585--585
[]\T1/lmr/m/n/10 InfDeaths|  
 []


Overfull \hbox (6.26736pt too wide) in paragraph at lines 585--585
[]\T1/lmr/m/n/10 PercExp|  
 []


Overfull \hbox (3.01773pt too wide) in paragraph at lines 585--585
[]\T1/lmr/m/n/10 Measles|  
 []


Overfull \hbox (15.01761pt too wide) in paragraph at lines 585--585
[]\T1/lmr/m/n/10 UnderFive|  
 []


Overfull \hbox (16.1284pt too wide) in paragraph at lines 585--585
[]\T1/lmr/m/n/10 Diphtheria|  
 []


Overfull \hbox (14.98924pt too wide) in paragraph at lines 585--585
[]\T1/lmr/m/n/10 HIV.AIDS|  
 []


Overfull \hbox (17.48972pt too wide) in paragraph at lines 585--585
[]\T1/lmr/m/n/10 Developing|  
 []

<MV-Analysis-on-Life-Expectancy-Data_files/figure-latex/unnamed-chunk-12-1.pdf, id=198, 436.63126pt x 251.94125pt>
File: MV-Analysis-on-Life-Expectancy-Data_files/figure-latex/unnamed-chunk-12-1.pdf Graphic file (type pdf)
<use MV-Analysis-on-Life-Expectancy-Data_files/figure-latex/unnamed-chunk-12-1.pdf>
Package pdftex.def Info: MV-Analysis-on-Life-Expectancy-Data_files/figure-latex/unnamed-chunk-12-1.pdf  used on input line 595.
(pdftex.def)             Requested size: 328.8251pt x 189.73586pt.
<MV-Analysis-on-Life-Expectancy-Data_files/figure-latex/unnamed-chunk-13-1.pdf, id=199, 436.63126pt x 253.94875pt>
File: MV-Analysis-on-Life-Expectancy-Data_files/figure-latex/unnamed-chunk-13-1.pdf Graphic file (type pdf)
<use MV-Analysis-on-Life-Expectancy-Data_files/figure-latex/unnamed-chunk-13-1.pdf>
Package pdftex.def Info: MV-Analysis-on-Life-Expectancy-Data_files/figure-latex/unnamed-chunk-13-1.pdf  used on input line 608.
(pdftex.def)             Requested size: 328.8251pt x 191.2477pt.
[9pdfTeX warning (ext4): destination with the same identifier (name{table.7}) has been already used, duplicate ignored
<argument> ...shipout:D \box_use:N \l_shipout_box 
                                                  \__shipout_drop_firstpage_...
l.615 
      pdfTeX warning (ext4): destination with the same identifier (name{figure.7}) has been already used, duplicate ignored
<argument> ...shipout:D \box_use:N \l_shipout_box 
                                                  \__shipout_drop_firstpage_...
l.615 
       <./MV-Analysis-on-Life-Expectancy-Data_files/figure-latex/unnamed-chunk-12-1.pdf>]
<indiainfdeaths.png, id=213, 1485.55pt x 1154.3125pt>
File: indiainfdeaths.png Graphic file (type png)
<use indiainfdeaths.png>
Package pdftex.def Info: indiainfdeaths.png  used on input line 623.
(pdftex.def)             Requested size: 301.11691pt x 233.97597pt.
[10pdfTeX warning (ext4): destination with the same identifier (name{figure.8}) has been already used, duplicate ignored
<argument> ...shipout:D \box_use:N \l_shipout_box 
                                                  \__shipout_drop_firstpage_...
l.628 
      pdfTeX warning (ext4): destination with the same identifier (name{figure.9}) has been already used, duplicate ignored
<argument> ...shipout:D \box_use:N \l_shipout_box 
                                                  \__shipout_drop_firstpage_...
l.628 
       <./MV-Analysis-on-Life-Expectancy-Data_files/figure-latex/unnamed-chunk-13-1.pdf> <./indiainfdeaths.png>]
LaTeX Font Info:    Trying to load font information for T1+lmtt on input line 639.
(/Users/yehiaabdelmohsen/Library/TinyTeX/texmf-dist/tex/latex/lm/t1lmtt.fd
File: t1lmtt.fd 2015/05/01 v1.6.1 Font defs for Latin Modern
)
LaTeX Font Info:    Font shape `T1/lmtt/bx/n' in size <10> not available
(Font)              Font shape `T1/lmtt/b/n' tried instead on input line 640.

Underfull \hbox (badness 10000) in paragraph at lines 722--731

 []

[11pdfTeX warning (ext4): destination with the same identifier (name{table.8}) has been already used, duplicate ignored
<argument> ...shipout:D \box_use:N \l_shipout_box 
                                                  \__shipout_drop_firstpage_...
l.731 
      ]
<MV-Analysis-on-Life-Expectancy-Data_files/figure-latex/unnamed-chunk-20-1.pdf, id=238, 436.63126pt x 250.9375pt>
File: MV-Analysis-on-Life-Expectancy-Data_files/figure-latex/unnamed-chunk-20-1.pdf Graphic file (type pdf)
<use MV-Analysis-on-Life-Expectancy-Data_files/figure-latex/unnamed-chunk-20-1.pdf>
Package pdftex.def Info: MV-Analysis-on-Life-Expectancy-Data_files/figure-latex/unnamed-chunk-20-1.pdf  used on input line 734.
(pdftex.def)             Requested size: 328.8251pt x 188.97993pt.

Underfull \hbox (badness 10000) in paragraph at lines 773--783

 []

<BD.png, id=239, 1529.715pt x 1154.3125pt>
File: BD.png Graphic file (type png)
<use BD.png>
Package pdftex.def Info: BD.png  used on input line 786.
(pdftex.def)             Requested size: 301.12923pt x 227.23006pt.
[12pdfTeX warning (ext4): destination with the same identifier (name{figure.10}) has been already used, duplicate ignored
<argument> ...shipout:D \box_use:N \l_shipout_box 
                                                  \__shipout_drop_firstpage_...
l.788 \end{figure}
                   <./MV-Analysis-on-Life-Expectancy-Data_files/figure-latex/unnamed-chunk-20-1.pdf>]
Overfull \hbox (20.47334pt too wide) in paragraph at lines 841--848
 [][] 
 []


Overfull \hbox (55.68001pt too wide) in paragraph at lines 861--884
 [][] 
 []

<MV-Analysis-on-Life-Expectancy-Data_files/figure-latex/unnamed-chunk-28-1.pdf, id=255, 446.66875pt x 295.1025pt>
File: MV-Analysis-on-Life-Expectancy-Data_files/figure-latex/unnamed-chunk-28-1.pdf Graphic file (type pdf)
<use MV-Analysis-on-Life-Expectancy-Data_files/figure-latex/unnamed-chunk-28-1.pdf>
Package pdftex.def Info: MV-Analysis-on-Life-Expectancy-Data_files/figure-latex/unnamed-chunk-28-1.pdf  used on input line 898.
(pdftex.def)             Requested size: 328.83261pt x 217.25119pt.
[13pdfTeX warning (ext4): destination with the same identifier (name{figure.11}) has been already used, duplicate ignored
<argument> ...shipout:D \box_use:N \l_shipout_box 
                                                  \__shipout_drop_firstpage_...
l.903 \end{figure}
                  pdfTeX warning (ext4): destination with the same identifier (name{table.9}) has been already used, duplicate ignored
<argument> ...shipout:D \box_use:N \l_shipout_box 
                                                  \__shipout_drop_firstpage_...
l.903 \end{figure}
                  pdfTeX warning (ext4): destination with the same identifier (name{table.10}) has been already used, duplicate ignored
<argument> ...shipout:D \box_use:N \l_shipout_box 
                                                  \__shipout_drop_firstpage_...
l.903 \end{figure}
                   <./BD.png>]
Underfull \hbox (badness 10000) in paragraph at lines 908--912

 []

[14pdfTeX warning (ext4): destination with the same identifier (name{table.11}) has been already used, duplicate ignored
<argument> ...shipout:D \box_use:N \l_shipout_box 
                                                  \__shipout_drop_firstpage_...
l.912 
      pdfTeX warning (ext4): destination with the same identifier (name{table.12}) has been already used, duplicate ignored
<argument> ...shipout:D \box_use:N \l_shipout_box 
                                                  \__shipout_drop_firstpage_...
l.912 
      pdfTeX warning (ext4): destination with the same identifier (name{figure.12}) has been already used, duplicate ignored
<argument> ...shipout:D \box_use:N \l_shipout_box 
                                                  \__shipout_drop_firstpage_...
l.912 
       <./MV-Analysis-on-Life-Expectancy-Data_files/figure-latex/unnamed-chunk-28-1.pdf>]
Overfull \hbox (20.47334pt too wide) in paragraph at lines 927--934
 [][] 
 []


Overfull \hbox (7.8073pt too wide) in paragraph at lines 940--947
 [][] 
 []


Overfull \hbox (16.86232pt too wide) in paragraph at lines 982--989
 [][] 
 []


Overfull \hbox (16.86232pt too wide) in paragraph at lines 995--1002
 [][] 
 []

[15pdfTeX warning (ext4): destination with the same identifier (name{table.13}) has been already used, duplicate ignored
<argument> ...shipout:D \box_use:N \l_shipout_box 
                                                  \__shipout_drop_firstpage_...
l.1008 \end{Shaded}
                   pdfTeX warning (ext4): destination with the same identifier (name{table.14}) has been already used, duplicate ignored
<argument> ...shipout:D \box_use:N \l_shipout_box 
                                                  \__shipout_drop_firstpage_...
l.1008 \end{Shaded}
                   pdfTeX warning (ext4): destination with the same identifier (name{table.15}) has been already used, duplicate ignored
<argument> ...shipout:D \box_use:N \l_shipout_box 
                                                  \__shipout_drop_firstpage_...
l.1008 \end{Shaded}
                   pdfTeX warning (ext4): destination with the same identifier (name{table.16}) has been already used, duplicate ignored
<argument> ...shipout:D \box_use:N \l_shipout_box 
                                                  \__shipout_drop_firstpage_...
l.1008 \end{Shaded}
                   ]
Overfull \hbox (97.24333pt too wide) in paragraph at lines 1046--1046
[]\T1/lmtt/m/n/10 ## Error in solve.default(Sp): system is computationally singular: reciprocal condition number = 9.05396e-34[] 
 []


Overfull \hbox (165.49313pt too wide) in paragraph at lines 1071--1071
[]\T1/lmtt/m/n/10 ## 46729.48 4.955632e+12 1.958732e+14 1.932357e+15 3.830266e+15 3.830266e+15 4.563936e+15 4.563936e+15 142362418 88335751[] 
 []

<MV-Analysis-on-Life-Expectancy-Data_files/figure-latex/unnamed-chunk-43-1.pdf, id=293, 422.57875pt x 286.06876pt>
File: MV-Analysis-on-Life-Expectancy-Data_files/figure-latex/unnamed-chunk-43-1.pdf Graphic file (type pdf)
<use MV-Analysis-on-Life-Expectancy-Data_files/figure-latex/unnamed-chunk-43-1.pdf>
Package pdftex.def Info: MV-Analysis-on-Life-Expectancy-Data_files/figure-latex/unnamed-chunk-43-1.pdf  used on input line 1085.
(pdftex.def)             Requested size: 422.58415pt x 286.07242pt.
[16]
<MV-Analysis-on-Life-Expectancy-Data_files/figure-latex/unnamed-chunk-44-1.pdf, id=302, 424.58624pt x 286.06876pt>
File: MV-Analysis-on-Life-Expectancy-Data_files/figure-latex/unnamed-chunk-44-1.pdf Graphic file (type pdf)
<use MV-Analysis-on-Life-Expectancy-Data_files/figure-latex/unnamed-chunk-44-1.pdf>
Package pdftex.def Info: MV-Analysis-on-Life-Expectancy-Data_files/figure-latex/unnamed-chunk-44-1.pdf  used on input line 1093.
(pdftex.def)             Requested size: 424.59167pt x 286.07242pt.
[17 <./MV-Analysis-on-Life-Expectancy-Data_files/figure-latex/unnamed-chunk-43-1.pdf> <./MV-Analysis-on-Life-Expectancy-Data_files/figure-latex/unnamed-chunk-44-1.pdf>]
<MV-Analysis-on-Life-Expectancy-Data_files/figure-latex/unnamed-chunk-45-1.pdf, id=323, 427.5975pt x 286.06876pt>
File: MV-Analysis-on-Life-Expectancy-Data_files/figure-latex/unnamed-chunk-45-1.pdf Graphic file (type pdf)
<use MV-Analysis-on-Life-Expectancy-Data_files/figure-latex/unnamed-chunk-45-1.pdf>
Package pdftex.def Info: MV-Analysis-on-Life-Expectancy-Data_files/figure-latex/unnamed-chunk-45-1.pdf  used on input line 1101.
(pdftex.def)             Requested size: 427.59645pt x 286.06805pt.
<MV-Analysis-on-Life-Expectancy-Data_files/figure-latex/unnamed-chunk-46-1.pdf, id=324, 427.5975pt x 286.06876pt>
File: MV-Analysis-on-Life-Expectancy-Data_files/figure-latex/unnamed-chunk-46-1.pdf Graphic file (type pdf)
<use MV-Analysis-on-Life-Expectancy-Data_files/figure-latex/unnamed-chunk-46-1.pdf>
Package pdftex.def Info: MV-Analysis-on-Life-Expectancy-Data_files/figure-latex/unnamed-chunk-46-1.pdf  used on input line 1109.
(pdftex.def)             Requested size: 427.59645pt x 286.06805pt.
[18 <./MV-Analysis-on-Life-Expectancy-Data_files/figure-latex/unnamed-chunk-45-1.pdf> <./MV-Analysis-on-Life-Expectancy-Data_files/figure-latex/unnamed-chunk-46-1.pdf>]
<MV-Analysis-on-Life-Expectancy-Data_files/figure-latex/unnamed-chunk-47-1.pdf, id=345, 424.58624pt x 286.06876pt>
File: MV-Analysis-on-Life-Expectancy-Data_files/figure-latex/unnamed-chunk-47-1.pdf Graphic file (type pdf)
<use MV-Analysis-on-Life-Expectancy-Data_files/figure-latex/unnamed-chunk-47-1.pdf>
Package pdftex.def Info: MV-Analysis-on-Life-Expectancy-Data_files/figure-latex/unnamed-chunk-47-1.pdf  used on input line 1117.
(pdftex.def)             Requested size: 424.59167pt x 286.07242pt.
<MV-Analysis-on-Life-Expectancy-Data_files/figure-latex/unnamed-chunk-48-1.pdf, id=346, 438.63875pt x 286.06876pt>
File: MV-Analysis-on-Life-Expectancy-Data_files/figure-latex/unnamed-chunk-48-1.pdf Graphic file (type pdf)
<use MV-Analysis-on-Life-Expectancy-Data_files/figure-latex/unnamed-chunk-48-1.pdf>
Package pdftex.def Info: MV-Analysis-on-Life-Expectancy-Data_files/figure-latex/unnamed-chunk-48-1.pdf  used on input line 1125.
(pdftex.def)             Requested size: 438.64435pt x 286.07242pt.
[19 <./MV-Analysis-on-Life-Expectancy-Data_files/figure-latex/unnamed-chunk-47-1.pdf> <./MV-Analysis-on-Life-Expectancy-Data_files/figure-latex/unnamed-chunk-48-1.pdf>]
<MV-Analysis-on-Life-Expectancy-Data_files/figure-latex/unnamed-chunk-49-1.pdf, id=368, 438.63875pt x 286.06876pt>
File: MV-Analysis-on-Life-Expectancy-Data_files/figure-latex/unnamed-chunk-49-1.pdf Graphic file (type pdf)
<use MV-Analysis-on-Life-Expectancy-Data_files/figure-latex/unnamed-chunk-49-1.pdf>
Package pdftex.def Info: MV-Analysis-on-Life-Expectancy-Data_files/figure-latex/unnamed-chunk-49-1.pdf  used on input line 1133.
(pdftex.def)             Requested size: 438.64435pt x 286.07242pt.
<MV-Analysis-on-Life-Expectancy-Data_files/figure-latex/unnamed-chunk-50-1.pdf, id=369, 419.5675pt x 275.0275pt>
File: MV-Analysis-on-Life-Expectancy-Data_files/figure-latex/unnamed-chunk-50-1.pdf Graphic file (type pdf)
<use MV-Analysis-on-Life-Expectancy-Data_files/figure-latex/unnamed-chunk-50-1.pdf>
Package pdftex.def Info: MV-Analysis-on-Life-Expectancy-Data_files/figure-latex/unnamed-chunk-50-1.pdf  used on input line 1154.
(pdftex.def)             Requested size: 419.56647pt x 275.02682pt.
[20 <./MV-Analysis-on-Life-Expectancy-Data_files/figure-latex/unnamed-chunk-49-1.pdf>]
<MV-Analysis-on-Life-Expectancy-Data_files/figure-latex/unnamed-chunk-50-2.pdf, id=383, 405.515pt x 260.975pt>
File: MV-Analysis-on-Life-Expectancy-Data_files/figure-latex/unnamed-chunk-50-2.pdf Graphic file (type pdf)
<use MV-Analysis-on-Life-Expectancy-Data_files/figure-latex/unnamed-chunk-50-2.pdf>
Package pdftex.def Info: MV-Analysis-on-Life-Expectancy-Data_files/figure-latex/unnamed-chunk-50-2.pdf  used on input line 1162.
(pdftex.def)             Requested size: 405.52017pt x 260.97833pt.
<MV-Analysis-on-Life-Expectancy-Data_files/figure-latex/unnamed-chunk-50-3.pdf, id=384, 405.515pt x 260.975pt>
File: MV-Analysis-on-Life-Expectancy-Data_files/figure-latex/unnamed-chunk-50-3.pdf Graphic file (type pdf)
<use MV-Analysis-on-Life-Expectancy-Data_files/figure-latex/unnamed-chunk-50-3.pdf>
Package pdftex.def Info: MV-Analysis-on-Life-Expectancy-Data_files/figure-latex/unnamed-chunk-50-3.pdf  used on input line 1170.
(pdftex.def)             Requested size: 405.52017pt x 260.97833pt.
[21 <./MV-Analysis-on-Life-Expectancy-Data_files/figure-latex/unnamed-chunk-50-1.pdf> <./MV-Analysis-on-Life-Expectancy-Data_files/figure-latex/unnamed-chunk-50-2.pdf>]
<MV-Analysis-on-Life-Expectancy-Data_files/figure-latex/unnamed-chunk-50-4.pdf, id=403, 436.63126pt x 248.93pt>
File: MV-Analysis-on-Life-Expectancy-Data_files/figure-latex/unnamed-chunk-50-4.pdf Graphic file (type pdf)
<use MV-Analysis-on-Life-Expectancy-Data_files/figure-latex/unnamed-chunk-50-4.pdf>
Package pdftex.def Info: MV-Analysis-on-Life-Expectancy-Data_files/figure-latex/unnamed-chunk-50-4.pdf  used on input line 1191.
(pdftex.def)             Requested size: 436.63019pt x 248.92938pt.
[22 <./MV-Analysis-on-Life-Expectancy-Data_files/figure-latex/unnamed-chunk-50-3.pdf>]
<MV-Analysis-on-Life-Expectancy-Data_files/figure-latex/unnamed-chunk-50-5.pdf, id=415, 436.63126pt x 252.945pt>
File: MV-Analysis-on-Life-Expectancy-Data_files/figure-latex/unnamed-chunk-50-5.pdf Graphic file (type pdf)
<use MV-Analysis-on-Life-Expectancy-Data_files/figure-latex/unnamed-chunk-50-5.pdf>
Package pdftex.def Info: MV-Analysis-on-Life-Expectancy-Data_files/figure-latex/unnamed-chunk-50-5.pdf  used on input line 1199.
(pdftex.def)             Requested size: 436.63019pt x 252.94438pt.
[23 <./MV-Analysis-on-Life-Expectancy-Data_files/figure-latex/unnamed-chunk-50-4.pdf> <./MV-Analysis-on-Life-Expectancy-Data_files/figure-latex/unnamed-chunk-50-5.pdf>]
<MV-Analysis-on-Life-Expectancy-Data_files/figure-latex/unnamed-chunk-50-6.pdf, id=435, 436.63126pt x 251.94125pt>
File: MV-Analysis-on-Life-Expectancy-Data_files/figure-latex/unnamed-chunk-50-6.pdf Graphic file (type pdf)
<use MV-Analysis-on-Life-Expectancy-Data_files/figure-latex/unnamed-chunk-50-6.pdf>
Package pdftex.def Info: MV-Analysis-on-Life-Expectancy-Data_files/figure-latex/unnamed-chunk-50-6.pdf  used on input line 1241.
(pdftex.def)             Requested size: 436.63019pt x 251.94063pt.
<MV-Analysis-on-Life-Expectancy-Data_files/figure-latex/unnamed-chunk-50-7.pdf, id=436, 436.63126pt x 253.94875pt>
File: MV-Analysis-on-Life-Expectancy-Data_files/figure-latex/unnamed-chunk-50-7.pdf Graphic file (type pdf)
<use MV-Analysis-on-Life-Expectancy-Data_files/figure-latex/unnamed-chunk-50-7.pdf>
Package pdftex.def Info: MV-Analysis-on-Life-Expectancy-Data_files/figure-latex/unnamed-chunk-50-7.pdf  used on input line 1251.
(pdftex.def)             Requested size: 436.63019pt x 253.94812pt.
[24 <./MV-Analysis-on-Life-Expectancy-Data_files/figure-latex/unnamed-chunk-50-6.pdf>]
<MV-Analysis-on-Life-Expectancy-Data_files/figure-latex/unnamed-chunk-50-8.pdf, id=448, 436.63126pt x 257.96375pt>
File: MV-Analysis-on-Life-Expectancy-Data_files/figure-latex/unnamed-chunk-50-8.pdf Graphic file (type pdf)
<use MV-Analysis-on-Life-Expectancy-Data_files/figure-latex/unnamed-chunk-50-8.pdf>
Package pdftex.def Info: MV-Analysis-on-Life-Expectancy-Data_files/figure-latex/unnamed-chunk-50-8.pdf  used on input line 1261.
(pdftex.def)             Requested size: 436.63019pt x 257.9631pt.
[25 <./MV-Analysis-on-Life-Expectancy-Data_files/figure-latex/unnamed-chunk-50-7.pdf> <./MV-Analysis-on-Life-Expectancy-Data_files/figure-latex/unnamed-chunk-50-8.pdf>] [26pdfTeX warning (ext4): destination with the same identifier (name{table.17}) has been already used, duplicate ignored
<argument> ...shipout:D \box_use:N \l_shipout_box 
                                                  \__shipout_drop_firstpage_...
l.1381 \end{Shaded}
                   ]
<MV-Analysis-on-Life-Expectancy-Data_files/figure-latex/unnamed-chunk-50-9.pdf, id=473, 436.63126pt x 250.9375pt>
File: MV-Analysis-on-Life-Expectancy-Data_files/figure-latex/unnamed-chunk-50-9.pdf Graphic file (type pdf)
<use MV-Analysis-on-Life-Expectancy-Data_files/figure-latex/unnamed-chunk-50-9.pdf>
Package pdftex.def Info: MV-Analysis-on-Life-Expectancy-Data_files/figure-latex/unnamed-chunk-50-9.pdf  used on input line 1396.
(pdftex.def)             Requested size: 436.63019pt x 250.93687pt.
[27] [28 <./MV-Analysis-on-Life-Expectancy-Data_files/figure-latex/unnamed-chunk-50-9.pdf>]
<MV-Analysis-on-Life-Expectancy-Data_files/figure-latex/unnamed-chunk-50-10.pdf, id=489, 436.63126pt x 283.0575pt>
File: MV-Analysis-on-Life-Expectancy-Data_files/figure-latex/unnamed-chunk-50-10.pdf Graphic file (type pdf)
<use MV-Analysis-on-Life-Expectancy-Data_files/figure-latex/unnamed-chunk-50-10.pdf>
Package pdftex.def Info: MV-Analysis-on-Life-Expectancy-Data_files/figure-latex/unnamed-chunk-50-10.pdf  used on input line 1460.
(pdftex.def)             Requested size: 436.63019pt x 283.0568pt.
[29 <./MV-Analysis-on-Life-Expectancy-Data_files/figure-latex/unnamed-chunk-50-10.pdf>]
<MV-Analysis-on-Life-Expectancy-Data_files/figure-latex/unnamed-chunk-50-11.pdf, id=502, 446.66875pt x 295.1025pt>
File: MV-Analysis-on-Life-Expectancy-Data_files/figure-latex/unnamed-chunk-50-11.pdf Graphic file (type pdf)
<use MV-Analysis-on-Life-Expectancy-Data_files/figure-latex/unnamed-chunk-50-11.pdf>
Package pdftex.def Info: MV-Analysis-on-Life-Expectancy-Data_files/figure-latex/unnamed-chunk-50-11.pdf  used on input line 1528.
(pdftex.def)             Requested size: 446.67445pt x 295.10626pt.
[30] [31 <./MV-Analysis-on-Life-Expectancy-Data_files/figure-latex/unnamed-chunk-50-11.pdf>]
Overfull \hbox (165.49313pt too wide) in paragraph at lines 1607--1607
[]\T1/lmtt/m/n/10 ## 46729.48 4.955632e+12 1.958732e+14 1.932357e+15 3.830266e+15 3.830266e+15 4.563936e+15 4.563936e+15 142362418 88335751[] 
 []

No file MV-Analysis-on-Life-Expectancy-Data.bbl.
[32] (./MV-Analysis-on-Life-Expectancy-Data.aux)

LaTeX Warning: There were multiply-defined labels.

Package rerunfilecheck Info: File `MV-Analysis-on-Life-Expectancy-Data.out' has not changed.
(rerunfilecheck)             Checksum: D7F79A54979774FDC17E8A927427F33F;2244.
 ) 
Here is how much of TeX's memory you used:
 13579 strings out of 480236
 227657 string characters out of 5894131
 517006 words of memory out of 5000000
 31142 multiletter control sequences out of 15000+600000
 520234 words of font info for 72 fonts, out of 8000000 for 9000
 14 hyphenation exceptions out of 8191
 60i,16n,63p,2096b,508s stack positions out of 5000i,500n,10000p,200000b,80000s
{/Users/yehiaabdelmohsen/Library/TinyTeX/texmf-dist/fonts/enc/dvips/lm/lm-ec.enc}{/Users/yehiaabdelmohsen/Library/TinyTeX/texmf-dist/fonts/enc/dvips/lm/lm-mathit.enc}{/Users/yehiaabdelmohsen/Library/TinyTeX/texmf-dist/fonts/enc/dvips/lm/lm-rm.enc}{/Users/yehiaabdelmohsen/Library/TinyTeX/texmf-dist/fonts/enc/dvips/lm/lm-mathsy.enc}{/Users/yehiaabdelmohsen/Library/TinyTeX/texmf-dist/fonts/enc/dvips/lm/lm-ts1.enc}</Users/yehiaabdelmohsen/Library/TinyTeX/texmf-dist/fonts/type1/public/lm/lmbx10.pfb></Users/yehiaabdelmohsen/Library/TinyTeX/texmf-dist/fonts/type1/public/lm/lmbx12.pfb></Users/yehiaabdelmohsen/Library/TinyTeX/texmf-dist/fonts/type1/public/lm/lmmi10.pfb></Users/yehiaabdelmohsen/Library/TinyTeX/texmf-dist/fonts/type1/public/lm/lmmi7.pfb></Users/yehiaabdelmohsen/Library/TinyTeX/texmf-dist/fonts/type1/public/lm/lmr10.pfb></Users/yehiaabdelmohsen/Library/TinyTeX/texmf-dist/fonts/type1/public/lm/lmr12.pfb></Users/yehiaabdelmohsen/Library/TinyTeX/texmf-dist/fonts/type1/public/lm/lmr17.pfb></Users/yehiaabdelmohsen/Library/TinyTeX/texmf-dist/fonts/type1/public/lm/lmr7.pfb></Users/yehiaabdelmohsen/Library/TinyTeX/texmf-dist/fonts/type1/public/lm/lmri10.pfb></Users/yehiaabdelmohsen/Library/TinyTeX/texmf-dist/fonts/type1/public/lm/lmsy10.pfb></Users/yehiaabdelmohsen/Library/TinyTeX/texmf-dist/fonts/type1/public/lm/lmtk10.pfb></Users/yehiaabdelmohsen/Library/TinyTeX/texmf-dist/fonts/type1/public/lm/lmtt10.pfb></Users/yehiaabdelmohsen/Library/TinyTeX/texmf-dist/fonts/type1/public/lm/lmtti10.pfb>
Output written on MV-Analysis-on-Life-Expectancy-Data.pdf (32 pages, 905065 bytes).
PDF statistics:
 615 PDF objects out of 1000 (max. 8388607)
 462 compressed objects within 5 object streams
 101 named destinations out of 1000 (max. 500000)
 295 words of extra memory for PDF output out of 10000 (max. 10000000)

